<?xml version="1.0" encoding="UTF-8"?>
<testsuite name="com.kinandcarta.ecommerce.AccountsControllerTest" tests="7" skipped="0" failures="0" errors="0" timestamp="2023-09-07T13:14:44" hostname="2NF0VT3" time="1.273">
  <properties/>
  <testcase name="shouldNot_UpdateAccount_thatDoesNotExist()" classname="com.kinandcarta.ecommerce.AccountsControllerTest" time="1.197"/>
  <testcase name="should_FindAllAccounts()" classname="com.kinandcarta.ecommerce.AccountsControllerTest" time="0.037"/>
  <testcase name="should_CreateNewAccountWithAddress()" classname="com.kinandcarta.ecommerce.AccountsControllerTest" time="0.007"/>
  <testcase name="should_UpdateExisting_Account()" classname="com.kinandcarta.ecommerce.AccountsControllerTest" time="0.006"/>
  <testcase name="shouldDeleteAccounts_withId1()" classname="com.kinandcarta.ecommerce.AccountsControllerTest" time="0.012"/>
  <testcase name="should_FindAllAccount_ByID()" classname="com.kinandcarta.ecommerce.AccountsControllerTest" time="0.002"/>
  <testcase name="shouldNot_CreateNewAccount_whenEmailIsInvalid()" classname="com.kinandcarta.ecommerce.AccountsControllerTest" time="0.002"/>
  <system-out><![CDATA[08:14:45.767 [Test worker] ERROR com.kinandcarta.ecommerce.AccountsController -- EntityNotFoundException: Account not updated for ID -> 1
08:14:45.971 [Test worker] ERROR com.kinandcarta.ecommerce.AccountsController -- ::METHOD, create, E-mail invalid Exception.
]]></system-out>
  <system-err><![CDATA[]]></system-err>
</testsuite>
